<?xml version="1.0" encoding="UTF-8"?>
<!-- Generated by org.testng.reporters.JUnitReportReporter -->
<testsuite hostname="DESKTOP-9INI0UD" failures="0" tests="2" name="qaclickacademy.AppiumTest" time="0.010" errors="0" timestamp="2020-05-29T01:24:54 IST" skipped="0">
  <testcase classname="qaclickacademy.AppiumTest" name="IOSApp" time="0.003"/>
  <system-out/>
  <testcase classname="qaclickacademy.AppiumTest" name="Androidapp" time="0.007"/>
  <system-out/>
</testsuite> <!-- qaclickacademy.AppiumTest -->
