<?xml version="1.0" encoding="UTF-8"?>
<!-- Generated by org.testng.reporters.JUnitReportReporter -->
<testsuite hostname="DESKTOP-9INI0UD" failures="0" tests="2" name="qaclickacademy.SeleniumTest" time="0.002" errors="0" timestamp="2020-05-29T01:24:54 IST" skipped="0">
  <testcase classname="qaclickacademy.SeleniumTest" name="Postjira" time="0.001"/>
  <system-out/>
  <testcase classname="qaclickacademy.SeleniumTest" name="deleteTwitter" time="0.001"/>
  <system-out/>
</testsuite> <!-- qaclickacademy.SeleniumTest -->
